<?xml version="1.0" encoding="UTF-8"?>
<!-- Generated by org.testng.reporters.JUnitReportReporter -->
<testsuite hostname="LAPTOP-PQ9GH8V5" failures="0" tests="2" name="TestNg.Basic1" time="0.016" errors="0" timestamp="2021-03-08T07:17:29 IST" skipped="0">
  <testcase classname="TestNg.Basic1" name="m1" time="0.015"/>
  <system-out/>
  <testcase classname="TestNg.Basic1" name="m2" time="0.001"/>
  <system-out/>
</testsuite> <!-- TestNg.Basic1 -->
