<?xml version="1.0" encoding="UTF-8"?>
<!-- Generated by org.testng.reporters.JUnitReportReporter -->
<testsuite hostname="LAPTOP-PQ9GH8V5" failures="0" tests="1" name="cstestNg.BasicTng2" time="0.001" errors="0" timestamp="2021-03-05T13:14:28 IST" skipped="0">
  <testcase classname="cstestNg.BasicTng2" name="m6" time="0.001"/>
  <system-out/>
</testsuite> <!-- cstestNg.BasicTng2 -->
