<?xml version="1.0" encoding="UTF-8"?>
<!-- Generated by org.testng.reporters.JUnitReportReporter -->
<testsuite hostname="LAPTOP-PQ9GH8V5" failures="0" tests="2" name="TestNg.Basic3" time="0.010" errors="0" timestamp="2021-03-08T07:17:29 IST" skipped="0">
  <testcase classname="TestNg.Basic3" name="m8" time="0.006"/>
  <system-out/>
  <testcase classname="TestNg.Basic3" name="m7" time="0.004"/>
  <system-out/>
</testsuite> <!-- TestNg.Basic3 -->
