<?xml version="1.0" encoding="UTF-8"?>
<!-- Generated by org.testng.reporters.JUnitReportReporter -->
<testsuite hostname="LAPTOP-PQ9GH8V5" failures="0" tests="2" name="cstestNg.BasicTng1" time="0.015" errors="0" timestamp="2021-03-05T13:14:28 IST" skipped="0">
  <testcase classname="cstestNg.BasicTng1" name="m1" time="0.013"/>
  <system-out/>
  <testcase classname="cstestNg.BasicTng1" name="m2" time="0.002"/>
  <system-out/>
</testsuite> <!-- cstestNg.BasicTng1 -->
